New log for run: 20
program started
bot connecting
made guild sexy ass mom frickers guildID:849877469724803102 channelID:954205423257403452
made guild just me guildID:917295004769210429 channelID:958474528881778729
Finished Building JDA
Received new command in just me from user happihound
Status was changed to on by happihound
Received new command in just me from user happihound
Server just me was forcibly halted
Successfully stopped server: just me ID: 917295004769210429
Received new command in sexy ass mom frickers from user happihound
Received new command in sexy ass mom frickers from user happihound
Received new command in sexy ass mom frickers from user happihound
Trying to restart Server: 849877469724803102"sexy ass mom frickers"
made guild sexy ass mom frickers guildID:849877469724803102 channelID:954205423257403452
Successfully restarted server
Received new command in sexy ass mom frickers from user happihound
Server sexy ass mom frickers was forcibly halted
Successfully stopped server: sexy ass mom frickers ID: 849877469724803102