

New log for run: -1
program started
bot connecting
Game state was updated to "Game was disabled by a moderator"
made guild sexy ass mom frickers guildID:849877469724803102 channelID:954205423257403452
Game state was updated to "Game was disabled by a moderator"
made guild just me guildID:917295004769210429 channelID:958474528881778729
Finished Building JDA
Received new command in sexy ass mom frickers from user happihound
Received new command in sexy ass mom frickers from user happihound
Game state was updated to "game is in the joining phase, no round actively running"
Received new command in sexy ass mom frickers from user happihound
happihound joined an empty game in server: sexy ass mom frickers
Received new command in sexy ass mom frickers from user happihound
Attempting to create new game in server: sexy ass mom frickers
Started a new game in server: sexy ass mom frickers
Game state was updated to "a round is currently in progress"
New round in server sexy ass mom frickers with roster: happihound
made new user happihound in server sexy ass mom frickers
Question 934 was selected in server: sexy ass mom frickers
Sucessfully sent the question message in server: sexy ass mom frickers
Received new command in just me from user happihound
Successfully stopped server: just me ID: 917295004769210429
Game state was updated to "users have finished inputing their choices"
All answers collected in server: sexy ass mom frickers
Trying to add points to user: happihound
Successfully added points to User happihound 0 -> 11
Game state was updated to "a round has ended and is ready to begin a new round"
Game state was updated to "users have finished inputing their choices"
Game state was updated to "a round has ended and is ready to begin a new round"
Attempting to create new game in server: sexy ass mom frickers
Started round 2 in server: sexy ass mom frickers
New round in server sexy ass mom frickers with roster: happihound
Question 332 was selected in server: sexy ass mom frickers
Sucessfully sent the question message in server: sexy ass mom frickers
Received new command in sexy ass mom frickers from user happihound
Adminhappihound ended the game in server: sexy ass mom frickers
Game state was updated to "Game was disabled by a moderator"
Received new command in sexy ass mom frickers from user happihound
Trying to restart Server: 849877469724803102" sexy ass mom frickers"
Game state was updated to "Game was disabled by a moderator"
made guild sexy ass mom frickers guildID:849877469724803102 channelID:954205423257403452
Successfully restarted server
Received new command in sexy ass mom frickers from user happihound
Successfully stopped server: sexy ass mom frickers ID: 849877469724803102