New log for run: 0
program started
bot connecting
Game state was updated to "Game was disabled by a moderator"
made guild sexy ass mom frickers guildID:849877469724803102 channelID:954205423257403452
Game state was updated to "Game was disabled by a moderator"
made guild just me guildID:917295004769210429 channelID:958474528881778729
Finished Building JDA
Received new command !new in: sexy ass mom frickers from user: happihound
Game state was updated to "game is in the joining phase, no round actively running"
Received new command !join in: sexy ass mom frickers from user: happihound
happihound joined an empty game in server: sexy ass mom frickers
Received new command !join in: sexy ass mom frickers from user: notwatty
notwatty joined the game in server: sexy ass mom frickers
Received new command !start in: sexy ass mom frickers from user: notwatty
Attempting to create new game in server: sexy ass mom frickers
Started a new game in server: sexy ass mom frickers
Game state was updated to "a round is currently in progress"
New round in server sexy ass mom frickers with roster: happihound, notwatty
made new user happihound in server sexy ass mom frickers
made new user notwatty in server sexy ass mom frickers
Question 678 was selected in server: sexy ass mom frickers
Sucessfully sent the question message in server: sexy ass mom frickers
Game state was updated to "users have finished inputing their choices"
All answers collected in server: sexy ass mom frickers
Trying to add points to user: happihound
Successfully added points to User happihound 0 -> 3
Trying to add points to user: notwatty
Successfully added points to User notwatty 0 -> 3
Game state was updated to "a round has ended and is ready to begin a new round"
Game state was updated to "a round has ended and is ready to begin a new round"
Attempting to create new game in server: sexy ass mom frickers
Started round 2 in server: sexy ass mom frickers
New round in server sexy ass mom frickers with roster: happihound, notwatty
Question 489 was selected in server: sexy ass mom frickers
Sucessfully sent the question message in server: sexy ass mom frickers
Game state was updated to "users have finished inputing their choices"
All answers collected in server: sexy ass mom frickers
Trying to add points to user: happihound
Successfully added points to User happihound 3 -> 26
Trying to add points to user: notwatty
Successfully added points to User notwatty 3 -> 26
Game state was updated to "a round has ended and is ready to begin a new round"
Game state was updated to "a round has ended and is ready to begin a new round"
Attempting to create new game in server: sexy ass mom frickers
Started round 3 in server: sexy ass mom frickers
New round in server sexy ass mom frickers with roster: happihound, notwatty
Question 288 was selected in server: sexy ass mom frickers
Sucessfully sent the question message in server: sexy ass mom frickers
Game state was updated to "users have finished inputing their choices"
All answers collected in server: sexy ass mom frickers
Trying to add points to user: happihound
Successfully added points to User happihound 26 -> 48
Trying to add points to user: notwatty
Successfully added points to User notwatty 26 -> 31
Game state was updated to "a round has ended and is ready to begin a new round"
Game state was updated to "Game was disabled by a moderator"